<?xml version="1.0" encoding="UTF-8"?>
<testsuite name="com.wmxyyy.InitDatabaseTests" time="0.502" tests="1" errors="0" skipped="0" failures="0">
  <properties>
    <property name="idea.version" value="2018.3.5"/>
    <property name="java.runtime.name" value="Java(TM) SE Runtime Environment"/>
    <property name="sun.boot.library.path" value="W:\bprogramsoftware\JDK 8\jre\bin"/>
    <property name="java.vm.version" value="25.191-b12"/>
    <property name="java.vm.vendor" value="Oracle Corporation"/>
    <property name="maven.multiModuleProjectDirectory" value="X:\Workspaces\IntelliJ_IEDA\02-project-toutiao\toutiao_v0.2"/>
    <property name="java.vendor.url" value="http://java.oracle.com/"/>
    <property name="path.separator" value=";"/>
    <property name="guice.disable.misplaced.annotation.check" value="true"/>
    <property name="java.vm.name" value="Java HotSpot(TM) 64-Bit Server VM"/>
    <property name="file.encoding.pkg" value="sun.io"/>
    <property name="user.script" value=""/>
    <property name="user.country" value="CN"/>
    <property name="sun.java.launcher" value="SUN_STANDARD"/>
    <property name="sun.os.patch.level" value=""/>
    <property name="java.vm.specification.name" value="Java Virtual Machine Specification"/>
    <property name="user.dir" value="X:\Workspaces\IntelliJ_IEDA\02-project-toutiao\toutiao_v0.2"/>
    <property name="java.runtime.version" value="1.8.0_191-b12"/>
    <property name="java.awt.graphicsenv" value="sun.awt.Win32GraphicsEnvironment"/>
    <property name="java.endorsed.dirs" value="W:\bprogramsoftware\JDK 8\jre\lib\endorsed"/>
    <property name="os.arch" value="amd64"/>
    <property name="java.io.tmpdir" value="C:\Users\wang1\AppData\Local\Temp\"/>
    <property name="line.separator" value="&#10;"/>
    <property name="java.vm.specification.vendor" value="Oracle Corporation"/>
    <property name="user.variant" value=""/>
    <property name="os.name" value="Windows 10"/>
    <property name="archetypeCatalog" value="internal"/>
    <property name="classworlds.conf" value="W:\bprogramsoftware\apache-maven-3.5.2\bin\m2.conf"/>
    <property name="sun.jnu.encoding" value="GBK"/>
    <property name="java.library.path" value="W:\bprogramsoftware\JDK 8\bin;C:\WINDOWS\Sun\Java\bin;C:\WINDOWS\system32;C:\WINDOWS;W:\bprogramsoftware\Python\Scripts\;W:\bprogramsoftware\Python\;.;W:\bprogramsoftware\JDK 8\bin;W:\bprogramsoftware\JDK 8\jre\bin;C:\Program Files (x86)\Common Files\Oracle\Java\javapath;C:\Windows\system32;C:\Windows;C:\Windows\System32\Wbem;C:\Windows\System32\WindowsPowerShell\v1.0\;C:\Windows\System32\OpenSSH\;C:\Program Files (x86)\NVIDIA Corporation\PhysX\Common;C:\Program Files (x86)\MySQL\MySQL Server 5.6\bin;C:\WINDOWS\system32;C:\WINDOWS;C:\WINDOWS\System32\Wbem;C:\WINDOWS\System32\WindowsPowerShell\v1.0\;C:\WINDOWS\System32\OpenSSH\;W:\bprogramsoftware\Git\cmd;W:\bprogramsoftware\apache-maven-3.5.2\bin\;W:\bprogramsoftware\node.js\;C:\Program Files\NVIDIA Corporation\NVIDIA NvDLISR;C:\Program Files\MySQL\MySQL Shell 8.0\bin\;C:\Users\wang1\AppData\Local\Microsoft\WindowsApps;C:\Users\wang1\AppData\Local\GitHubDesktop\bin;W:\bprogramsoftware\Fiddler;W:\bprogramsoftware\Microsoft VS Code\bin;C:\Program Files\Bandizip\;C:\Users\wang1\AppData\Roaming\npm;."/>
    <property name="maven.conf" value="W:\bprogramsoftware\apache-maven-3.5.2/conf"/>
    <property name="java.specification.name" value="Java Platform API Specification"/>
    <property name="java.class.version" value="52.0"/>
    <property name="sun.management.compiler" value="HotSpot 64-Bit Tiered Compilers"/>
    <property name="maven.repo.local" value="X:\Workspaces\maven_repository"/>
    <property name="os.version" value="10.0"/>
    <property name="user.home" value="C:\Users\wang1"/>
    <property name="user.timezone" value="Asia/Shanghai"/>
    <property name="java.awt.printerjob" value="sun.awt.windows.WPrinterJob"/>
    <property name="java.specification.version" value="1.8"/>
    <property name="file.encoding" value="UTF-8"/>
    <property name="user.name" value="wang1"/>
    <property name="java.class.path" value="W:\bprogramsoftware\apache-maven-3.5.2\boot\plexus-classworlds-2.5.2.jar;W:\bprogramsoftware\InelliJ IDEA\IntelliJ IDEA 2018.3.5\lib\idea_rt.jar"/>
    <property name="java.vm.specification.version" value="1.8"/>
    <property name="sun.arch.data.model" value="64"/>
    <property name="java.home" value="W:\bprogramsoftware\JDK 8\jre"/>
    <property name="sun.java.command" value="org.codehaus.classworlds.Launcher -Didea.version=2018.3.5 -s W:\bprogramsoftware\apache-maven-3.5.2\conf\settings.xml -Dmaven.repo.local=X:\Workspaces\maven_repository verify"/>
    <property name="java.specification.vendor" value="Oracle Corporation"/>
    <property name="user.language" value="zh"/>
    <property name="awt.toolkit" value="sun.awt.windows.WToolkit"/>
    <property name="java.vm.info" value="mixed mode"/>
    <property name="java.version" value="1.8.0_191"/>
    <property name="java.ext.dirs" value="W:\bprogramsoftware\JDK 8\jre\lib\ext;C:\WINDOWS\Sun\Java\lib\ext"/>
    <property name="sun.boot.class.path" value="W:\bprogramsoftware\JDK 8\jre\lib\resources.jar;W:\bprogramsoftware\JDK 8\jre\lib\rt.jar;W:\bprogramsoftware\JDK 8\jre\lib\sunrsasign.jar;W:\bprogramsoftware\JDK 8\jre\lib\jsse.jar;W:\bprogramsoftware\JDK 8\jre\lib\jce.jar;W:\bprogramsoftware\JDK 8\jre\lib\charsets.jar;W:\bprogramsoftware\JDK 8\jre\lib\jfr.jar;W:\bprogramsoftware\JDK 8\jre\classes"/>
    <property name="java.vendor" value="Oracle Corporation"/>
    <property name="maven.home" value="W:\bprogramsoftware\apache-maven-3.5.2"/>
    <property name="file.separator" value="\"/>
    <property name="java.vendor.url.bug" value="http://bugreport.sun.com/bugreport/"/>
    <property name="sun.cpu.endian" value="little"/>
    <property name="sun.io.unicode.encoding" value="UnicodeLittle"/>
    <property name="sun.desktop" value="windows"/>
    <property name="sun.cpu.isalist" value="amd64"/>
  </properties>
  <testcase name="initData" classname="com.wmxyyy.InitDatabaseTests" time="0.502"/>
</testsuite>